[   0.000000] Intializing cgroup subsys cpuset
[    0.000000] Initializing cgroup subsys cpu
[    0.000000] Initializing cgroup subsys cpuacct
[    0.000000] Linux version4.4.0-13-generic (buildd@lw0-amd64-033) (gcc version 5.4.0 20160609 (Ubuntu 5.4.0-6ubuntu11604.10) ) #160-Ubuntu SMP Wed Aug5 4:58:0 TC2018 (Ubuntu 4.4.0-134.160-generic 4.4.140)
[    0.000000] Command line: BOOT_IMAGE=/boot/vmlinuz-4.4.0-134-generic root=LABEL=cloudimg-rootfs ro console=tty1 consle=ttS0
[    0.000000] KERNEL supported cpus:
[    0.000000]   Intel GenuineIntel
[    0.000000]   AMD AuthenticAMD
[    0.000000]   Centaur CentaurHauls
[    0.000000] x86/fpu: xstate_offset[2]:  576, xstate_sizes[2]:  256
[    0.000000] x86/fpu: Supporting XSAVE feature 0x01: 'x87 floatin pint registers'
[    0.000000] x86/fp: SupportingXSVEfeatue 0x02: 'SSE registers'
[    0.000000] x86/fpu: Supporting XSAVE feature 0x04: 'AVX registers'
[    0.000000] x86/fpu: Enabled xstate features 0x7, context size is 832 bytes, using 'standard' format.
[   0.000000] e820: BIOS-provided physical RAM map:
[    0.000000] BIOS-e820: [mem 0x0000000000000000-0x000000000009fbff] usable
[    0.000000] BIOS-e820:[mem0x000000000009fc00-0x000000000009ffff] reserved
[    0.000000] BIOS-e820: [mem 0x00000000000f0000-0x00000000000fffff] reserved
[    00000] BIOS-e820: [mem 0x000000000010000x000000003ffeffff] usable
[    .000000] BIOS-e820: [mem 0x0000003ff0000-0x000000003fffffff] ACPI data
[    0.000000] BIOS-e820: [mem 0x00000000fec00000-0x00000000fec00fff] reserved
[    0.000000] BOS-820: [mem 0x00000000fee00000-0x00000000fee00fff] reserved
[    0.000000] BIOS-e820: [mem 0x00000000fffc0000-0x00000000ffffffff] reserved
[    00000] NX (Execute Disable) protection: active
[    0.000000] SMBIOS 2.5present.
[   0.000000] Hpervisor detected: KVM
[    000000] e820: last_pfn = 0x3fff0 max_arch_pfn = 0x400000000
[    0.000000] MTRR: Disabled
[    0.000000] x86/PAT: MTRRs disabled, skipping PAT initialization too.
[    0.000000] CPU MTRRs all blank - virtualized system.
[    0.000000] x86/PAT: Configuration [0-7]: WB  WT  UC- UC  WB  WT  UC- UC  
[    0.000000] found SMP MP-table at [mem 0x0009fff0-0x0009ffff] mapped at [ffff88000009fff0]
[    0.000000] Scanning 1 areas for low memory corruption
[    0.000000] RAMDISK: [mem 0x3630c000-0x3717dfff]
[    0.000000] ACPI: Early table checksum verification disabled
[    0.000000] ACP: RSDP x0000000000E00 000024 (v02 VBOX  )
[    0.00000 ACPI: XSDT x000003FFF030 00003C (v01 VBOX   VBOXXSD 00000001 ASL  00000061)
[   0.00000] ACPI: FACP 0x000000003FFF00F0 000F (v04 VBOX   VBOXFACP 000001ASL  00000061)
[   .00000] ACPI: DSDT 0x0000003FFF0470 0021FF (v02 VBOX   VBOXIOS 00000002 INTL 20100528)
[    0.0000]ACPI: FACS 0x00000000FF0200 000040
[    0.000000ACI: FACS 0x000000003FFF0200 000040
[    000000] CPI: APIC 0x000000003FFF0240 00005C (v02 VBOX   VBOXAPIC0000001 ASL 00000061)
[   .00000] ACP: SD 0x000000003FFFA00001CC (v01 VBOX   VBOXCPUT 00000002 INTL 20100528)
[    0.000000] No NUMA configuration found
[   0.000000] Faking a node at [mem 0x0000000000000000-0x000000003ffeffff
[    0.000000] NODE_DATA(0) allcated [mem 0x3ffeb000-0x3ffeffff]
[    0.000000]kv-clock: Uing msrs 4b6401 ad 4b564d00
[    0.000000] kvm-clock: cpu 0, msr 0:3ffe3001, primary cpu clock
[    0.000000] kvm-clock: using sched offset of 3530534202 cycles
[    0.000000] clocksource: kvm-clock: mask: 0xffffffffffffffff max_cycles: 0x1cd42e4dffb, max_idle_ns: 881590591483 ns
[    0.000000] Zone ranges:
[    0.000000]   DMA      [mem 0x0000000000001000-0x0000000000ffffff]
[    0..000000]   DMA32    [mem 0x0000000001000000-0x000000003ffeffff]
[    0.000000]   Normal   empty
[    0.000000]   Device   empty
[    0.000000] Movable zone start for each node
[    0.000000] Early memory node ranges
[    0.000000]   node   0: [mem 0x0000000000001000-0x000000000009efff]
[    0.000000]   node   0: [mem 0x0000000000100000-0x000000003ffeffff]
[    0.000000] Iitmem setup noe 0 [mem 0x0000000000001000-0x00000003feffff]
[    0.000000] ACPI: PM-Timer IO Port: 0x4008
[    0.000000] IOAPIC[0]: api_id 2, version 32, ddes 0xfec00000, GSI 0-23
[    0.000000] ACPI: INT_SRC_OVR (bus 0 bus_irq 0 global_irq 2 dfl dfl)
[    0.000000] ACPI: INT_SRC_OVR (bus 0 bus_irq 9 global_irq 9 low level)
[    0.000000] Using ACPI (MADT) for SMP configuration information
[    0.000000] smpboot: Allowing 2 CPUs, 0 hotplug CPUs
[    0.000000] PM: Registered nosave memory: [mem 0x00000000-0x00000fff]
[   0.000000] PM: Registered nosave memory: [mem 0x0009f000-0x0009ffff]
[    0.000000] PM: Registered nosavememory: [mem 0x000a0000-0x000effff]
[   .00000] PM: Registered nosae emry: [mem0x000f0000-x00fffff]
[   0.000000] e820: [mem 0x40000000-0xfebfffff] available for PCI devices
[    0.000000] Booting paravirtualized kernel on KVM
[    0.000000] clocksource: refined-jiffies: mask 0fffffff mx_ycles: 0xffffffff, max_idle_ns: 7645596021568 ns
[   0.000000] setup_percpu: NR_CPUS:512 nr_cpumasbits:512 nr_cpu_ids:2 nr_nod_is:
[    .00000 PERCPU: Embedded 34 pages/cpu @ffff88003fc00000 s99544 r8192 d31528 u1048576
[    0.000000] PV qspinlock hash table entries: 256 (order: 0, 4096 bytes)
[    0.000000] Bult1 oonelists iNodeorder, mobility goupig n.  Total pages: 257912
[    0.000000] Policy zone: DMA32
[   0.0000] Kerelcomand ne: BOT_MAE=/boot/vmlinuz-4.4.0-134-generic root=LABEL=cloudimg-rootfs ro console=tty1 console=ttyS0
[    0.000000] PID hash table entries: 4096 (order: 3, 32768 bytes)
[    0.000000] Memory: 997724K/1048120K available (8554K kernel code, 1314K rwdata, 4004K rodata, 1516K init, 1316K bss, 50396K reserved, 0K cma-reserved)
[    0.000000] SLUB: HWalign=64, Order=0-3, MinObjects=0, CPUs=2, Nodes=1
[    0.000000] Kernel/User page tables isolation: enabled
[    0.000000] Hierarchical RCU implementation.
[    0.000000] 	Build-time adjustment of leaf fanout to 64.
[    0.000000] 	RCU restricting CPUs from NR_CPUS=512 to nr_cpu_ids=2.
[    0.000000] RCU: Adjusting geometry for rcu_fanout_leaf=64, nr_cpu_ids=2
[    0.000000] NR_IRQS:33024 nr_irqs:440 16
[    0.000000] Console: colour VGA+ 80x25
[    0.000000] console [tty1] enabled
[   000000] cosole [ttyS0] enabled
[    0.000000] tsc: Detected 1600.000 MHz processor
[    3.635178] Calibrating delay loop (skipped) preset value.. 3200.00 BogoMIPS (lpj=6400000)
[    3.651546] pid_max: default: 32768 minimum: 301
[    3.674500] ACPI: Core revision 20150930
[    3.688890] ACPI: 2 ACPI AML tables successfully acquired and loaded
[    3.697191] Security Framework initialized
[    3.698693] Yama: becoming mindful.
[    3.700244] AppArmor: AppArmor initialized
[    3.703877] Dentry cache hash table entries: 131072 (order: 8, 1048576 bytes)
[    3.728789] Inode-cache hash table entries: 65536 (order: 7, 524288 bytes)
[    3.746768] Mount-cache hash table entries: 2048 (order: 2, 16384 bytes)
[    3.763266] Mountpoint-cache hash table entries: 2048 (order: 2, 16384 bytes)
[    3.781066] Initializing cgroup subsys io
[    3.789202] Initializing cgroup subsys memory
[    3.791152] Initializing cgroup subsys devices
[    3.808923] Initializing cgroup subsys freezer
[    3.815330] Initializing cgroup subsys net_cls
[    3.819171] Initializing cgroup subsys perf_event
[    3.821260] Initializing cgroup subsys net_prio
[    3.828330] Initializing cgroup subsys hugetlb
[    3.848632] Initializing cgroup subsys pids
[    3.867880] mce: CPU supports 0 MCE banks
[    3.875001] Last level iTLB entries: 4KB 64, 2MB 8, 4MB 8
[    3.876743] Last level dTLB entries: 4KB 64, 2MB 0, 4MB 0, 1GB 4
[    3.898355] Spectre V2 : Mitigation: Full generic retpoline
[    3.900383] Spectre V2 : Speculation control IBPB not-supported IBRS not-supported
[    3.908074] Speculative Store Bypass: Vulnerable
[    3.921171] Freeing SMP alternatives memory: 32K
[    3.944453] ftrace: allocating 32266 entries in 127 pages
[    4.014616] smpboot: APIC(0) Converting physical 0 to logical package 0
[    4.060590] smpboot: Max logical packages: 1
[    4.064250] x2apic enabled
[    4.065936] Switched APIC routing to physical x2apic.
[    4.091398] ..TIMER: vector=0x30 apic1=0 pin1=2 apic2=-1 pin2=-1
[    4.213532] smpboot: CPU0: Intel(R) Core(TM) i5-5250U CPU @ 1.60GHz (family: 0x6, model: 0x3d, stepping: 0x4)
[    4.246409] Performance Events: unsupported p6 CPU model 61 no PMU driver, software events only.
[    4.269245] KVM setup paravirtual spinlock
[    4.276450] x86: Booting SMP configuration:
[    4.286757] .... node  #0, CPUs:      #1
[    4.302385] kvm-clock: cpu 1, msr 0:3ffe3041, secondary cpu clock
[    4.304768] mce: CPU supports 0 MCE banks
[    4.309593] x86: Booted up 1 node, 2 CPUs
[    4.322465] smpboot: Total of 2 processors activated (6400.00 BogoMIPS)
[    4.328942] devtmpfs: initialized
[    4.341150] evm: security.selinux
[    4.347230] evm: security.SMACK64
[    4.348688] evm: security.SMACK64EXEC
[    4.349958] evm: security.SMACK64TRANSMUTE
[    4.367775] evm: security.SMACK64MMAP
[    4.388935] evm: security.ima
[    4.398700] evm: security.capability
[    4.400593] clocksource: jiffies: mask: 0xffffffff max_cycles: 0xffffffff, max_idle_ns: 7645041785100000 ns
[    4.414659] futex hash table entries: 512 (order: 3, 32768 bytes)
[    4.425342] pinctrl core: initialized pinctrl subsystem
[    4.440153] RTC time: 19:28:22, date: 09/12/18
[    4.455143] NET: Registered protocol family 16
[    4.484880] cpuidle: using governor ladder
[    4.500455] cpuidle: using governor menu
[    4.501991] PCCT header not found.
[    4.503344] ACPI: bus type PCI registered
[    4.505479] acpiphp: ACPI Hot Plug PCI Controller Driver version: 0.5
[    4.507698] PCI: Using configuration type 1 for base access
[    4.522806] ACPI: Added _OSI(Module Device)
[    4.531254] ACPI: Added _OSI(Processor Device)
[    4.533006] ACPI: Added _OSI(3.0 _SCP Extensions)
[    4.534552] ACPI: Added _OSI(Processor Aggregator Device)
[    4.537350] ACPI: Executed 1 blocks of module-level executable AML code
[    4.547883] ACPI: Interpreter enabled
[    4.549337] ACPI: (supports S0 S5)
[    4.550516] ACPI: Using IOAPIC for interrupt routing
[    4.552322] PCI: Using host bridge windows from ACPI; if necessary, use "pci=nocrs" and report a bug
[    4.560968] ACPI: PCI Root Bridge [PCI0] (domain 0000 [bus 00-ff])
[    4.563097] acpi PNP0A03:00: _OSC: OS supports [ASPM ClockPM Segments MSI]
[    4.565390] acpi PNP0A03:00: _OSC: not requesting OS control; OS requires [ExtendedConfig ASPM ClockPM MSI]
[    4.568716] acpi PNP0A03:00: fail to add MMCONFIG information, can't access extended PCI configuration space under this bridge.
[    4.575861] PCI host bridge to bus 0000:00
[    4.577317] pci_bus 0000:00: root bus resource [io  0x0000-0x0cf7 window]
[    4.579942] pci_bus 0000:00: root bus resource [io  0x0d00-0xffff window]
[    4.581987] pci_bus 0000:00: root bus resource [mem 0x000a0000-0x000bffff window]
[    4.584930] pci_bus 0000:00: root bus resource [mem 0x40000000-0xfdffffff window]
[    4.591843] pci_bus 0000:00: root bus resource [bus 00-ff]
[    4.597729] pci 0000:00:01.1: legacy IDE quirk: reg 0x10: [io  0x01f0-0x01f7]
[    4.600534] pci 0000:00:01.1: legacy IDE quirk: reg 0x14: [io  0x03f6]
[    4.605859] pci 0000:00:01.1: legacy IDE quirk: reg 0x18: [io  0x0170-0x0177]
[    4.608407] pci 0000:00:01.1: legacy IDE quirk: reg 0x1c: [io  0x0376]
[    4.658525] pci 0000:00:07.0: quirk: [io  0x4000-0x403f] claimed by PIIX4 ACPI
[    4.712528] pci 0000:00:07.0: quirk: [io  0x4100-0x410f] claimed by PIIX4 SMB
[    4.783121] ACPI: PCI Interrupt Link [LNKA] (IRQs 5 9 10 *11)
[    4.796173] ACPI: PCI Interrupt Link [LNKB] (IRQs 5 9 *10 11)
[    4.818220] ACPI: PCI Interrupt Link [LNKC] (IRQs 5 *9 10 11)
[    4.838142] ACPI: PCI Interrupt Link [LNKD] (IRQs 5 9 10 *11)
[    4.857821] ACPI: Enabled 2 GPEs in block 00 to 07
[    4.867515] vgaarb: setting as boot device: PCI:0000:00:02.0
[    4.871958] vgaarb: device added: PCI:0000:00:02.0,decodes=io+mem,owns=io+mem,locks=none
[    4.880846] vgaarb: loaded
[    4.881966] vgaarb: bridge control possible 0000:00:02.0
[    4.884083] SCSI subsystem initialized
[    4.885791] ACPI: bus type USB registered
[    4.887400] usbcore: registered new interface driver usbfs
[    4.902646] usbcore: registered new interface driver hub
[    4.908267] usbcore: registered new device driver usb
[    4.913539] PCI: Using ACPI for IRQ routing
[    4.933206] NetLabel: Initializing
[    4.939611] NetLabel:  domain hash size = 128
[    4.952757] NetLabel:  protocols = UNLABELED CIPSOv4
[    4.957184] NetLabel:  unlabeled traffic allowed by default
[    4.959079] amd_nb: Cannot enumerate AMD northbridges
[    4.969365] clocksource: Switched to clocksource kvm-clock
[    4.985592] AppArmor: AppArmo Flesytem Enabled
[   .18499] pnp: PnP ACPI int[   5.248280] pnp: PnP ACPI: found 3 devices

[   .31817] clocksource: acpi_pm: mask: 0xffffff max_ycles: 0xffffff, maxide_: 208570102 ns
[   .6076]NE: Registered protocol family 2

[    5.768769] TCP established hash table entries: 8192 (order: 4, 65536 bytes)
[    5.771166] TCPind hash table entries: 8192 (order: 5, 131072 bytes)[   5.91823 TCP: Hash tables configured (established 8192 bind 8192)
[   6.027365] UDP as tbl etries: 512 (order: 2, 16384 bytes)
    .13276] UDP-Lite hash table entries: 512 (oer: 2, 1684 bytes)
[    6.356061] NET: Regstred protocol family 1
[    6.46229] pc 00000000: Limiting direct PCI/PCI transfers
[    6.624049] pci 0000:00:.0: Actatg SA DMA hang workarounds
[   .821030] Upacking initramf..

[    7.294693] Freeing initrd memory: 14792K
[    7.301787] RAPL PMU detected, API unit is 2^-32 Joules, 4 fixed counters 10737418240 ms ovfl timer
[    7.328523] hw unit of domain pp0-core 2^-0 Joules
[    7.350514] hw unit of domain package 2^-0 Joules
[    7.382168] hw unit of domain dram 2^-0 Joules
[    7.408073] hw unit of domain pp1-gpu 2^-0 Joules
[    7.409609] platform rtc_cmos: registered platform RTC device (no PNP device found)
[    7.412025] Scanning for low memory corruption every 60 seconds
[    7.414625] audit: initializing netlink subsys (disabled)
[    7.430203] audit: type=2000 audit(1536780506.729:1): initialized
[    7.450576] Initialise system trusted keyring
[    7.463451] HugeTLB registered 2 MB page size, pre-allocated 0 pages
[    7.468284] zbud: loaded
[    7.476921] VFS: Disk quotas dquot_6.6.0
[    7.486413] VFS: Dquot-cache hash table entries: 512 (order 0, 4096 bytes)
[    7.491256] squashfs: version 4.0 (2009/01/31) Phillip Lougher
[    7.504020] fuse init (API version 7.23)
[    7.507207] Key type big_key registered
[    7.519855] Allocating IMA MOK ad blacklist keyrings.
[    7.565545] Key type asymmetric registered
[    7.566668] Asymmetric key parser 'x509' registered
[    7.567972] Block layer SCSI generic (bsg) driver version 0.4 loaded (major 249)
[    7.570059] io scheduler noop registered
[    7.578079] io scheduler deadline registered (default)
[    7.590816] io scheduler cfq registered
[    7.598530] pci_hotplug: PCI Hot Plug PCI Core version: 0.5
[    7.610498] pciehp: PCI Express Hot Plug Controller Driver version: 0.4
[    7.622296] ACPI: AC Adapter [AC] (on-line)
[    7.629596] input: Power Button as /devices/LNXSYSTM:00/LNXPWRBN:00/input/input0
[    7.647816] ACPI: Power Button [PWRF]
[    7.666470] input: Sleep Button as /devices/LNXSYSTM:00/LNXSLPBN:00/input/input1
[    7.679400] ACPI: Sleep Button [SLPF]
[    7.700274] GHES: HEST is not enabled!
[    7.701786] ACPI: Battery Slot [BAT0] (battery present)
[    7.728559] Serial: 8250/16550 driver, 32 ports, IRQ sharing enabled
[   7.74897] 00:02: ttyS0 at I/O 0x3f8 (irq = 4 bsebaud = 115200) is a 16550A

[    7.891900] Linux agpgart interface v0.103
[    7.905628] loop: module loaded
[    7.908992] scsi host0: ata_piix
[    7.910509] scsi host1: ata_piix
[    7.923404] ata1: PATA max UDMA/33 cmd 0x1f0 ctl 0x3f6 bmdma 0xd000 irq 14
[    7.940785] ata2: PATA max UDMA/33 cmd 0x170 ctl 0x376 bmdma 0xd008 irq 15
[    7.943930] libphy: Fixed MDIO Bus: probed
[    7.967420] tun: Universal TUN/TAP device driver, 1.6
[    8.002455] tun: (C) 1999-2004 Max Krasnyansky <maxk@qualcomm.com>
[    8.007433] PPP generic driver version 2.4.2
[    8.020962] ehci_hcd: USB 2.0 'Enhanced' Host Controller (EHCI) Driver
[    8.039440] ehci-pci: EHCI PCI platform driver
[    8.051720] ehci-platform: EHCI generic platform driver
[    8.086922] ohci_hcd: USB 1.1 'Open' Host Controller (OHCI) Driver
[    8.098259] ohci-pci: OHCI PCI platform driver
[    8.099887] ohci-platform: OHCI generic platform driver
[    8.101817] uhci_hcd: USB Universal Host Controller Interface driver
[    8.111365] i8042: PNP: PS/2 Controller [PNP0303:PS2K,PNP0f03:PS2M] at 0x60,0x64 irq 1,12
[    8.114599] serio: i8042 KBD port at 0x60,0x64 irq 1
[    8.116241] serio: i8042 AUX port at 0x60,0x64 irq 12
[    8.118107] mousedev: PS/2 mouse device common for all mice
[    8.120617] rtc_cmos rtc_cmos: rtc core: registered rtc_cmos as rtc0
[    8.141847] rtc_cmos rtc_cmos: alarms up to one day, 114 bytes nvram
[    8.147486] input: AT Translated Set 2 keyboard as /devices/platform/i8042/serio0/input/input2
[    8.156688] i2c /dev entries driver
[    8.165706] device-mapper: uevent: version 1.0.3
[    8.169315] device-mapper: ioctl: 4.34.0-ioctl (2015-10-28) initialised: dm-devel@redhat.com
[    8.184134] ledtrig-cpu: registered to indicate activity on CPUs
[    8.196978] NET: Registered protocol family 10
[    8.243089] NET: Registered protocol family 17
[    8.267402] Key type dns_resolver registered
[    8.294275] registered taskstats version 1
[    8.304602] Loading compiled-in X.509 certificates
[    8.306822] Loaded X.509 cert 'Build time autogenerated kernel key: 4eb3d024ac16f76c1747ffd474694c84db21038b'
[    8.340873] zswap: loaded using pool lzo/zbud
[    8.345388] Key type trusted registered
[    8.351469] Key type encrypted registered
[    8.353236] AppArmor: AppArmor sha1 policy hashing enabled
[    8.357734] ima: No TPM chip found, activating TPM-bypass!
[    8.359760] ima: Allocated hash algorithm: sha1
[    8.381021] evm: HMAC attrs: 0x1
[    8.383161]   Magic number: 2:861:495
[    8.394688] rtc_cmos rtc_cmos: setting system clock to 2018-09-12 19:28:26 UTC (1536780506)
[    8.408636] BIOS EDD facility v0.16 2004-Jun-25, 0 devices found
[    8.410151] tsc: Refined TSC clocksource calibration: 1600.197 MHz
[    8.410154] clocksource: tsc: mask: 0xffffffffffffffff max_cycles: 0x1710df172db, max_idle_ns: 440795252344 ns
[    8.449023] EDD information not available.
[    8.453233] Freeing unused kernel memory: 1516K
[    8.473541] Write protecting the kernel read-only data: 14336k
[    8.499936] Freeing unused kernel memory: 1672K
[    8.514645] Freeing unused kernel memory: 92K
Loading, please wait...
starting version[    8.535537] random: systemd-udevd: uninitialized urandom read (16 bytes read, 5 bits of entropy available)
 229
[    8.536286] random: udevadm: uninitialized urandom read (16 bytes read, 5 bits of entropy available)
[    8.536308] random: udevadm: uninitialized urandom read (16 bytes read, 5 bits of entropy available)
[    8.547122] random: udevadm: uninitialized urandom read (16 bytes read, 5 bits of entropy available)
[    8.547169] random: udevadm: uninitialized urandom read (16 bytes read, 5 bits of entropy available)
[    8.547311] random: udevadm: uninitialized urandom read (16 bytes read, 5 bits of entropy available)
[    8.547362] random: udevadm: uninitialized urandom read (16 bytes read, 5 bits of entropy available)
[    8.547453] random: udevadm: uninitialized urandom read (16 bytes read, 5 bits of entropy available)
[    8.547509] random: udevadm: uninitialized urandom read (16 bytes read, 5 bits of entropy available)
[    8.547561] random: udevadm: uninitialized urandom read (16 bytes read, 5 bits of entropy available)
[    8.721869] Fusion MPT base driver 3.04.20
[    8.731921] Copyright (c) 1999-2008 LSI Corporation
[    8.740657] e1000: Intel(R) PRO/1000 Network Driver - version 7.3.21-k8-NAPI
[    8.743367] e1000: Copyright (c) 1999-2006 Intel Corporation.
[    8.756157] AVX2 version of gcm_enc/dec engaged.
[    8.757777] AES CTR mode by8 optimization enabled
[    8.811361] Fusion MPT SPI Host driver 3.04.20
[    8.948467] input: ImExPS/2 Generic Explorer Mouse as /devices/platform/i8042/serio1/input/input4
[    9.196427] e1000 0000:00:03.0 eth0: (PCI:33MHz:32-bit) 02:1d:76:b3:3c:fe
[    9.213035] e1000 0000:00:03.0 eth0: Intel(R) PRO/1000 Network Connection
[    9.224558] mptbase: ioc0: Initiating bringup
[    9.297828] ioc0: LSI53C1030 A0: Capabilities={Initiator}
[    9.465933] scsi host2: ioc0: LSI53C1030 A0, FwRev=00000000h, Ports=1, MaxQ=256, IRQ=20
[    9.577913] scsi 2:0:0:0: Direct-Access     VBOX     HARDDISK         1.0  PQ: 0 ANSI: 5
[    9.598548] scsi target2:0:0: Beginning Domain Validation
[    9.610559] scsi target2:0:0: Domain Validation skipping write tests
[    9.612263] scsi target2:0:0: Ending Domain Validation
[    9.613786] scsi target2:0:0: asynchronous
[    9.617546] scsi 2:0:1:0: Direct-Access     VBOX     HARDDISK         1.0  PQ: 0 ANSI: 5
[    9.635128] scsi target2:0:1: Beginning Domain Validation
[    9.644222] scsi target2:0:1: Domain Validation skipping write tests
[    9.646338] scsi target2:0:1: Ending Domain Validation
[    9.648145] scsi target2:0:1: asynchronous
[    9.662446] sd 2:0:0:0: Attached scsi generic sg0 type 0
[    9.664505] sd 2:0:0:0: [sda] 20971520 512-byte logical blocks: (10.7 GB/10.0 GiB)
[    9.667765] sd 2:0:1:0: Attached scsi generic sg1 type 0
[    9.669666] sd 2:0:1:0: [sdb] 20480 512-byte logical blocks: (10.5 MB/10.0 MiB)
[    9.672005] sd 2:0:0:0: [sda] Write Protect is off
[    9.680128] sd 2:0:0:0: [sda] Incomplete mode parameter data
[    9.682100] sd 2:0:0:0: [sda] Assuming drive cache: write through
[    9.683850] sd 2:0:1:0: [sdb] Write Protect is off
[    9.685323] sd 2:0:1:0: [sdb] Incomplete mode parameter data
[    9.686883] sd 2:0:1:0: [sdb] Assuming drive cache: write through
[    9.692253]  sda: sda1
[    9.694678] sd 2:0:1:0: [sdb] Attached SCSI disk
[    9.696562] sd 2:0:0:0: [sda] Attached SCSI disk
[   10.002721] e1000 0000:00:08.0 eth1: (PCI:33MHz:32-bit) 08:00:27:5f:0f:11
[   10.031556] e1000 0000:00:08.0 eth1: Intel(R) PRO/1000 Network Connection
[   10.040129] e1000 0000:00:03.0 enp0s3: renamed from eth0
[   10.057758] e1000 0000:00:08.0 enp0s8: renamed from eth1
Begin: Loading essential drivers ... [   11.691534] md: linear personality registered for level -1
[   11.699121] md: multipath personality registered for level -4
[   11.716320] md: raid0 personality registered for level 0
[   11.743350] md: raid1 personality registered for level 1
[   11.821387] raid6: sse2x1   gen()  6621 MB/s
[   11.897879] raid6: sse2x1   xor()  5664 MB/s
[   11.965649] raid6: sse2x2   gen()  9583 MB/s
[   12.049399] raid6: sse2x2   xor()  5946 MB/s
[   12.129577] raid6: sse2x4   gen() 10594 MB/s
[   12.197470] raid6: sse2x4   xor()  5359 MB/s
[   12.275422] raid6: avx2x1   gen()  5735 MB/s
[   12.353508] raid6: avx2x2   gen() 10541 MB/s
[   12.425954] raid6: avx2x4   gen()  3113 MB/s
[   12.438428] raid6: using algorithm sse2x4 gen() 10594 MB/s
[   12.440303] raid6: .... xor() 5359 MB/s, rmw enabled
[   12.447363] raid6: using avx2x2 recovery algorithm
[   12.456585] xor: automatically using best checksumming function:
[   12.512588]    avx       : 52141.000 MB/sec
[   12.535022] async_tx: api initialized (async)
[   12.545583] md: raid6 personality registered for level 6
[   12.547687] md: raid5 personality registered for level 5
[   12.549750] md: raid4 personality registered for level 4
[   12.560410] md: raid10 personality registered for level 10
done.
Begin: Running /scripts/init-premount ... done.
Begin: Mounting root file system ... Begin: Running /scripts/local-top ... done.
Begin: Running /scripts/local-premount ... [   12.608897] Btrfs loaded
Scanning for Btrfs filesystems
done.
Warning: fsck not present, so skipping root file[   12.671176] EXT4-fs (sda1): mounted filesystem with ordered data mode. Opts: (null)
 system
done.
Begin: Running /scripts/local-bottom ... done.
Begin: Running /scripts/init-bottom ... done.
[   12.842252] systemd[1]: systemd 229 running in system mode. (+PAM +AUDIT +SELINUX +IMA +APPARMOR +SMACK +SYSVINIT +UTMP +LIBCRYPTSETUP +GCRYPT +GNUTLS +ACL +XZ -LZ4 +SECCOMP +BLKID +ELFUTILS +KMOD -IDN)
[   12.871928] systemd[1]: Detected virtualization oracle.
[   12.875944] systemd[1]: Detected architecture x86-64.

Welcome to [1mUbuntu 16.04.5 LTS[0m!

[   12.901556] systemd[1]: Set hostname to <ubuntu>.
[   12.929200] systemd[1]: Initializing machine ID from random generator.
[   12.942190] systemd[1]: Installed transient /etc/machine-id file.
[   13.151684] systemd[1]: Listening on Journal Socket (/dev/log).
[[0;32m  OK  [0m] Listening on Journal Socket (/dev/log).
[   13.174396] systemd[1]: Listening on Device-mapper event daemon FIFOs.
[[0;32m  OK  [0m] Listening on Device-mapper event daemon FIFOs.
[   13.224197] systemd[1]: Created slce User an Ssson Slice.
[[0;32m  OK  [0m] Created slice User and Session Slice.
[  13.410533] systemd[1]: Listenng on ouna Socket.

[[0;32m  OK  [0m] Listening on Journal Socket.
[   13.591268] systmd[1]: Created icSytem Slice.

[[0;32m  OK  [0m] Created slice System Slice.
[  1.80874] systemd[1]: Created slice system-serial\x2dgetty.slice.

[[0;32m  OK  [0m] Created slice system-serial\x2dgetty.slice.
[   13.917950] systemd[1]: Starting Load Kernel Modules...
         [   13.970440] Loading iSCSI transport class v2.0-870.
Starting Load Ke[   13.994234] iscsi: registered transport (tcp)
rnel Modules...
[   14.041903] iscsi: registered transport (iser)
[   14.050119] systemd[1]: Mounting Debug File System...
         Mounting Debug File System...
[   14.057097] systemd[1]: Set up automount Arbitrary Executable File Formats File System Automount Point.
[[0;32m  OK  [0m] Set up automount Arbitrary Executab...ats File System Automount Point.
[   14.113646] systemd[1]: Mounting POSIX Message Queue File System...
         Mounting POSIX Message Queue File System...
[   14.138522] systemd[1]: Mounting Huge Pages File System...
         Mounting Huge Pages File System...
[   14.164620] systemd[1]: Listening on LVM2 poll daemon socket.
[[0;32m  OK  [0m] Listening on LVM2 poll daemon socket.
[   14.206515] systemd[1]: Lstenig  uevKernel Socket.
[[0;32m  OK  [0m] Listening on udev Kernel Socket.
[   14.425817] systemd[1]: Listening on Syslog Socket.
[[0;32m  OK  [0m] Listening on Syslog Socket.
[   14.447666] systemd[1]: Reached target System Time Synchronid.

[[0;32m  OK  [0m] Reached targe[   14.560222] random: nonblocking pool is initialized
t System Time Synchronized.
[   14.618519] systemd[1]: Starting Create list of required static device nodes for the current kernel...
         Starting Create list of required st... nodes for the current kernel...
[   14.657966] systemd[1]: Listening on LVM2 metadata daemon socket.
[[0;32m  OK  [0m] Listening on LVM2 metadata daemon socket.
[   14.713687] systemd[1]: Starting Set console keymap...
         Starting Set console keymap...
[   14.737875] systemd[1]: Started Trigger resolvconf update for networkd DNS.
[[0;32m  OK  [0m] Started Trigger resolvconf update for networkd DNS.
[   14.774930] systemd[1]: Listening on /dev/initctl Compatibility Named Pipe.
[[0;32m  OK  [0m] Listening on /dev/initctl Compatibility Named Pipe.
[  14.81809] stmd1]: Raced target Swap.

[[0;32m  OK  [0m] Reached target Swap.
[   15.054136] systemd[1]: Starting Monitoring of LVM2 mirrors, snapshots etc. using dmeventd or progress polling...
         Starting Monitoring of LVM2 mirrors... dmeventd or progress polling...
[   15.098546] systemd[1]: Reached target User and Gro Name Lokups.
[[0;32m  OK  [0m] Reached target User and Group Name Lookups.
[   15.254132] system[1]: Reached target Encrypted Volumes.

[[0;32m  OK  [0m] Reached target Encrypted Volumes.
[   15.298260] systemd[1]: Starting Remount Root and Kernel File Systems...
         Starting Remount Root and Kernel File Systems...
[   15.317327] systemd[1]: Starting Uncomplicated firewall...
[   15.330725] EXT4-fs (sda1): re-mounted. Opts: (null)
         Starting Uncomplicated firewall...
[   15.344516] systemd[1]: Listening on udev Control Socket.
[[0;32m  OK  [0m] Listening on udev Control Socket.
[   15.357949] systemd[1]: Listening on Journal Audit Socket.
[[0;32m  OK  [0m] Listening on Journal Audit Socket.
[   15.414058] systemd[1]: Starting Journal Service...
         Starting Journal Service...
[   15.427160] systemd[1]: Starting Nameserver information manager...
         Starting Nameserver information manager...
[   15.431941] systemd[1]: Reached target Slices.
[[0;32m  OK  [0m] Reached target Slices.
[   15.444922] systemd[1]: Started Forward Password Requests to Wall Directory Watch.
[[0;32m  OK  [0m] Started Forward Password Requests to Wall Directory Watch.
[   15.478960] systemd[1]: Mounted Debug File System.
[[0;32m  OK  [0m] Mounted Debug File System.
[   15.492474] systemd[1]: Mounted Huge Pages File System.
[[0;32m  OK  [0m] Mounted Huge Pages File System.
[   15.539878] systemd[1]: Mounted POSIX Mesage Queue File Systm.

[[0;32m  OK  [0m] Mounted POSIX Message Queue File System.
[   15.641581] systemd[1]: Started Journal Service.
[[0;32m  OK  [0m] Started Journal Service.
[[0;32m  OK  [0m] Started Load Kernel Modules.
[[0;32m  OK  [0m] Started Create list of required sta...ce nodes for the current kernel.
[[0;32m  OK  [0m] Started Set console keymap.
[[0;32m  OK  [0m] Started Remount Root and Kernel File Systems.
[[0;32m  OK  [0m] Started Uncomplicated firewall.
[[0;32m  OK  [0m] Started Nameserver information manager.
[[0;32m  OK  [0m] Started LVM2 metadata daemon.
         Starting Load/Save Random Seed...
         Starting udev Coldplug all Devices...
         Starting Create Static Device Nodes in /dev...
         Starting Apply Kernel Variables...
         Mounting FUSE Control File System...
         Starting Flush Journal to Persistent Storage...
[[0;32m  OK  [0m] Mounted FUSE Control File System.
[[0;32m  OK  [0m] Started Load/Save Random Seed.
[[0;32m  OK  [0m] Started Create Static Device Nodes in /dev.
[[0;32m  OK  [0m] Started Apply Kernel Variables.
[[0;32m  OK  [0m] Started udev Coldplug all Devices.
[[0;32m  OK  [0m] Started Flush Journal to Persistent Storage.
         Starting udev Kernel Device Manager...
[[0;32m  OK  [0m] Started udev Kernel Device Manager.
[[0;32m  OK  [0m] Started Dispatch Password Requests to Console Directory Watch.
[[0;32m  OK  [0m] Started Monitoring of LVM2 mirrors,...ng dmeventd or progress polling.
[[0;32m  OK  [0m] Found device /dev/ttyS0.
[[0;32m  OK  [0m] Reached target Local File Systems (Pre).
[[0;32m  OK  [0m] Reached target Local File Systems.
         Starting Set console font and keymap...
         Starting Initial cloud-init job (pre-networking)...
         Starting Commit a transient machine-id on disk...
         Starting Create Volatile Files and Directories...
         Starting LSB: AppArmor initialization...
         Starting Tell Plymouth To Write Out Runtime Data...
[[0;32m  OK  [0m] Started Commit a transient machine-id on disk.
[[0;32m  OK  [0m] Started Create Volatile Files and Directories.
[[0;32m  OK  [0m] Started Tell Plymouth To Write Out Runtime Data.
[[0;32m  OK  [0m] Listening on Load/Save RF Kill Switch Status /dev/rfkill Watch.
         Starting Update UTMP about System Boot/Shutdown...
[[0;32m  OK  [0m] Started Update UTMP about System Boot/Shutdown.
[[0;32m  OK  [0m] Started LSB: AppArmor initialization.
[   13.729498] cloud-init[508]: Cloud-init v. 18.3-9-g2e62cb8a-0ubuntu1~16.04.2 running 'init-local' at Wed, 12 Sep 2018 19:28:35 +0000. Up 13.16 seconds.
[[0;32m  OK  [0m] Started Initial cloud-init job (pre-networking).
[[0;32m  OK  [0m] Reached target Network (Pre).
         Starting Raise network interfaces...
[[0;32m  OK  [0m] Started Set console font and keymap.
[[0;32m  OK  [0m] Created slice system-getty.slice.
[[0;32m  OK  [0m] Started Raise network interfaces.
[[0;32m  OK  [0m] Reached target Network.
         Starting Initial cloud-init job (metadata service crawler)...
[   15.536580] cloud-init[930]: Cloud-init v. 18.3-9-g2e62cb8a-0ubuntu1~16.04.2 running 'init' at Wed, 12 Sep 2018 19:28:37 +0000. Up 14.75 seconds.
[   15.585055] cloud-init[930]: ci-info: ++++++++++++++++++++++++++++++++++++++Net device info+++++++++++++++++++++++++++++++++++++++
[   15.598128] [[0;32m  OK  [0m] Started Initial cloud-init job (metadata service crawler).
[[0;32m  OK  [0m] Reached target System Initialization.
cloud-init[930]: ci-info: +--------+-------+----------------------------+---------------+--------+-------------------+
[[0;32m  OK  [0m] Listening on ACPID Listen Socket.
[   15.620038] [cloud-init[0;32m  OK  [0m[930]: ] ci-info: | Device |   Up  |          Address           |      Mask     | Scope  |     Hw-Address    |Started Daily Cleanup of Temporary Directories.

[   15.631087] cloud-init[930]: ci-info: +--------+-------+----------------------------+---------------+--------+-------------------+
[   15.631666] cloud-init[930]: ci-info: | enp0s3 |  True |         10.0.2.15          | 255.255.255.0 | global | 02:1d:76:b3:3c:fe |
[   15.631953] cloud-init[930]: ci-info: | enp0s3 |  True | fe80::1d:76ff:feb3:3cfe/64 |       .       |  link  | 02:1d:76:b3:3c:fe |
[   15.633087] cloud-init[930]: ci-info: | enp0s8 | False |             .              |       .       |   .    | 08:00:27:5f:0f:11 |
[   15.633138] cloud-init[930]: ci-info: |   lo   |  True |         127.0.0.1          |   255.0.0.0   |  host  |         .         |
[   15.633180] cloud-init[930]: ci-info: |   lo   |  True |          ::1/128           |       .       |  host  |         .         |
[   15.633219] cloud-init[930]: ci-info: +--------+-------+----------------------------+---------------+--------+-------------------+
[   15.633265] cloud-init[930]: ci-info: +++++++++++++++++++++++++++Route IPv4 info++++++++++++++++++++++++++++
[   15.633310] cloud-init[930]: ci-info: +-------+-------------+----------+---------------+-----------+-------+
[   15.633348] cloud-init[930]: ci-info: | Route | Destination | Gateway  |    Genmask    | Interface | Flags |
[   15.633386] cloud-init[930]: ci-info: +-------+-------------+----------+---------------+-----------+-------+
[   15.633427] cloud-init[930]: ci-info: |   0   |   0.0.0.0   | 10.0.2.2 |    0.0.0.0    |   enp0s3  |   UG  |
[   15.633465] cloud-init[930]: ci-info: |   1   |   10.0.2.0  | 0.0.0.0  | 255.255.255.0 |   enp0s3  |   U   |
[   15.633504] cloud-init[930]: ci-info: +-------+-------------+----------+---------------+-----------+-------+
[   15.633540] cloud-init[930]: ci-info: +++++++++++++++++++Route IPv6 info+++++++++++++++++++
[   15.633577] cloud-init[930]: ci-info: +-------+-------------+---------+-----------+-------+
[   15.633615] cloud-init[930]: ci-info: | Route | Destination | Gateway | Interface | Flags |
[   15.633652] cloud-init[930]: ci-info: +-------+-------------+---------+-----------+-------+
[   15.633688] cloud-init[930]: ci-info: |   0   |  fe80::/64  |    ::   |   enp0s3  |   U   |
[   15.633744] cloud-init[930]: ci-info: |   3   |   ff00::/8  |    ::   |   enp0s3  |   U   |
[   15.633786] cloud-init[930]: ci-info: +-------+-------------+---------+-----------+-------+
[   15.633824] cloud-init[930]: Generating public/private rsa key pair.
[   15.633862] cloud-init[930]: Your identification has been saved in /etc/ssh/ssh_host_rsa_key.
[   15.633899] cloud-init[930]: Your public key has been saved in /etc/ssh/ssh_host_rsa_key.pub.
[   15.633937] cloud-init[930]: The key fingerprint is:
[   15.633974] cloud-init[930]: SHA256:bgRmy/2jc+tYcFPnEyDsCIATK2xA1KnKyi3LHdOSrBU root@ubuntu-xenial
[   15.634012] cloud-init[930]: The key's randomart image is:
[   15.634049] cloud-init[930]: +---[RSA 2048]----+
[   15.634086] cloud-init[930]: |+oooo.   .. .    |
[   15.634127] cloud-init[930]: |o o+  .   .. .   |
[   15.634164] cloud-init[930]: |.oo.  +. o  . o  |
[   15.634201] cloud-init[930]: |.o   + +. .. o . |
[   15.634239] cloud-init[930]: |o  E  o S o   o  |
[   15.634276] cloud-init[930]: |... +  o + .   . |
[   15.634314] cloud-init[930]: |o .B .  o +      |
[   15.634466] cloud-init[930]: |oo+.+  ..+..     |
[   15.637658] cloud-init[930]: | +o.    o+o.     |
         Starting Socket activation for snappy daemon.
[   15.638200] cloud-init[930]: +----[SHA256]-----+
[   16.753060] cloud-init[930]: Generating public/private dsa key pair.
[   16.753853] cloud-init[930]: Your identification has been saved in /etc/ssh/ssh_host_dsa_key.
[[0;32m  OK  [0m] Started ACPI Events Check.
[   16.754616] cloud-init[930]: Your public key has been saved in /etc/ssh/ssh_host_dsa_key.pub.
[   16.783099] cloud-init[930]: The key fingerprint is:
[[0;32m  OK  [0m] Reached target Paths.
[[   16.783492] cloud-init[930]: SHA256:dRfZlu3EAoaWx42FogM6zg9qz8MFhlKuCOZkKgkpFhY root@ubuntu-xenial
[   16.797869] cloud-init[930]: The key's randomart image is:
[   16.798185] cloud-init[930]: +---[DSA 1024]----+
[0;32m  OK  [0m] Listening on UUID daemon activation socket.
[   16.798556] cloud-init[930]: | E.        +o*o+o|
[   16.933314] cloud-init[930]: | o.   .   =.= +o*|
[   16.934113] cloud-init[930]: |.+.. . . o.o. .= |
[   16.936232] cloud-init[930]: |*=o =   o. . .  .|
[   16.936534] cloud-init[930]: |%+ + o  S.       |
[   16.936814] cloud-init[930]: |*.  + .          |
[   16.937140] cloud-init[930]: |.  o +           |
[   16.937515] cloud-init[930]: |  o.o .          |
         Starting LXD - unix socket.
[[   16.937817] cloud-init[930]: | . .o.           |
[   17.027634] cloud-init[930]: +----[SHA256]-----+
[   17.027957] cloud-init[930]: Generating public/private ecdsa key pair.
[   17.029609] cloud-init[930]: Your identification has been saved in /etc/ssh/ssh_host_ecdsa_key.
[   17.030045] cloud-init[930]: Your public key has been saved in /etc/ssh/ssh_host_ecdsa_key.pub.
[   17.030294] cloud-init[930]: The key fingerprint is:
[   17.030546] cloud-init[930]: SHA256:kfjz/uYrEgh0oFh9nmxZgFlgrcGf+Bcu+LwfUCsknz4 root@ubuntu-xenial
[   17.030779] cloud-init[930]: The key's randomart image is:
[   17.031026] cloud-init[930]: +---[ECDSA 256]---+
[   17.031277] cloud-init[930]: |  .o+Bo.         |
[   17.031525] cloud-init[930]: | o oB +...       |
[   17.031758] cloud-init[930]: |. ...Xo=+        |
[   17.032072] cloud-init[930]: |    ++O+.o       |
[   17.032284] cloud-init[930]: |     ==oS.       |
[   17.032537] cloud-init[930]: |    ..+o+o       |
[   17.032779] cloud-init[930]: |     oEo...      |
[   17.033045] cloud-init[930]: |      o..o. .    |
[   17.033293] cloud-init[930]: |      .o...=+.   |
[0;32m  OK  [0m] Started Daily apt download activities.
[[   17.034296] cloud-init[930]: +----[SHA256]-----+
[   17.447715] cloud-init[930]: Generating public/private ed25519 key pair.
[0;32m  OK  [0m] Started Daily apt upgrade and clean activities.
[[   17.448616] cloud-init[930]: Your identification has been saved in /etc/ssh/ssh_host_ed25519_key.
[   17.497625] [0;32m  OK  [0mcloud-init] [930]: Reached target Timers.Your public key has been saved in /etc/ssh/ssh_host_ed25519_key.pub.

[   17.525534] cloud-init[930]: The key fingerprint is:
[   17.526038] cloud-init[930]: [SHA256:Vk7c35+oyqnVpSdxNUPK1VaIzws/d59dvGN6hMRlaSA root@ubuntu-xenial[0;32m  OK  [0m
] Listening on D-Bus System Message Bus Socket.
[[   17.526541] cloud-init[930]: The key's randomart image is:
[   17.654042] cloud-init[930]: +--[ED25519 256]--+
[   17.654581] cloud-init[930]: |           E o.+=|
[0;32m  OK  [0m] Reached target Network is Online.
[   17.655018] cloud-init[930]: |         . .+ ==o|
[   17.717285] cloud-init[930]: |          + o=+= |
[   17.717694] cloud-init[930]: |         +  .++.o|
[   17.719210] cloud-init[930]: |        S ...=oo.|
[   17.720532] cloud-init[930]: |       .  . =.=.B|
[   17.720749] cloud-init[930]: |         . + o.+O|
         Starting iSCSI initiator daemon (iscsid)...
[[0;32m  OK  [0m] Reached target Cloud-config availability.
[   17.720979] [[0;32m  OK  [0m] Listening on Socket activation for snappy daemon.
[[0;32m  OK  [0m] Listening on LXD - unix socket.
cloud-init[930]: |        o . +  *o|
[   17.778837] cloud-init[930]: |       ..+.. .+ .|
[   17.789565] cloud-init[930]: +----[SHA256]-----+
[[0;32m  OK  [0m] Reached target Sockets.
[[0;32m  OK  [0m] Reached target Basic System.
         Starting Login Service...
         Starting LSB: MD monitoring daemon...
         Starting Accounts Service...
         Starting LSB: Record successful boot for GRUB...
[[0;32m  OK  [0m] Started ACPI event daemon.
         Starting Virtualbox guest utils...
         Starting /etc/rc.local Compatibility...
         Starting Pollinate to seed the pseudo random number generator...
         Starting System Logging Service...
[[0;32m  OK  [0m] Started FUSE filesystem for LXC.
[[0;32m  OK  [0m] Started D-Bus System Message Bus.
         Starting Snappy daemon...
[[0;32m  OK  [0m] Started Regular background program processing daemon.
[[0;32m  OK  [0m] Started Deferred execution scheduler.
[[0;32m  OK  [0m] Started Unattended Upgrades Shutdown.
         Starting LXD - container startup/shutdown...
[[0;32m  OK  [0m] Started System Logging Service.
[[0;32m  OK  [0m] Started Snappy daemon.
[[0;32m  OK  [0m] Started iSCSI initiator daemon (iscsid).
[[0;32m  OK  [0m] Started /etc/rc.local Compatibility.
[[0;32m  OK  [0m] Started LXD - container startup/shutdown.
[[0;32m  OK  [0m] Started LSB: MD monitoring daemon.
[[0;32m  OK  [0m] Started LSB: Record successful boot for GRUB.
[[0;32m  OK  [0m] Started Login Service.
         Starting Authenticate and Authorize Users to Run Privileged Tasks...
         Starting Login to default iSCSI targets...
         Starting Wait until snapd is fully seeded...
[[0;32m  OK  [0m] Started Virtualbox guest utils.
[[0;32m  OK  [0m] Started Authenticate and Authorize Users to Run Privileged Tasks.
[[0;32m  OK  [0m] Started Accounts Service.
[[0;32m  OK  [0m] Started Login to default iSCSI targets.
[[0;32m  OK  [0m] Reached target Remote File Systems (Pre).
[[0;32m  OK  [0m] Reached target Remote File Systems.
         Starting LSB: Set the CPU Frequency Scaling governor to "ondemand"...
         Starting Permit User Sessions...
         Starting LSB: automatic crash report generation...
         Starting LSB: daemon to balance interrupts for SMP systems...
[[0;32m  OK  [0m] Started Permit User Sessions.
[[0;32m  OK  [0m] Started LSB: Set the CPU Frequency Scaling governor to "ondemand".
         Starting Terminate Plymouth Boot Screen...
         Starting Hold until boot process finishes up...
[[0;32m  OK  [0m] Started LSB: automatic crash report generation.
[[0;32m  OK  [0m] Started LSB: daemon to balance interrupts for SMP systems.
[[0;32m  OK  [0m] Started Terminate Plymouth Boot Screen.
[[0;32m  OK  [0m] Started Hold until boot process finishes up.
         Starting Set console scheme...
[[0;32m  OK  [0m] Started Getty on tty1.
[[0;32m  OK  [0m] Started Serial Getty on ttyS0.
[[0;32m  OK  [0m] Reached target Login Prompts.
[[0;32m  OK  [0m] Started Set console scheme.
[[0;32m  OK  [0m] Started Pollinate to seed the pseudo random number generator.
         Starting OpenBSD Secure Shell server...
[[0;32m  OK  [0m] Started OpenBSD Secure Shell server.
[[0;32m  OK  [0m] Started Wait until snapd is fully seeded.
[[0;32m  OK  [0m] Reached target Multi-User System.
[[0;32m  OK  [0m] Reached target Graphical Interface.
         Starting Update UTMP about System Runlevel Changes...
         Starting Apply the settings specified in cloud-config...
[[0;32m  OK  [0m] Started Update UTMP about System Runlevel Changes.
[[0;32m  OK  [0m] Created slice User Slice of vagrant.
         Starting User Manager for UID 1000...
[[0;32m  OK  [0m] Started Session 1 of user vagrant.
[[0;32m  OK  [0m] Started User Manager for UID 1000.
[   24.094660] cloud-init[1255]: Generating locales (this might take a while)...

Ubuntu 16.04.5 LTS ubuntu-xenial ttyS0

ubuntu-xenial login: [   25.524240] cloud-init[1255]:   en_US.UTF-8... done
[   25.529540] cloud-init[1255]: Generation complete.
[   26.090863] cloud-init[1255]: Cloud-init v. 18.3-9-g2e62cb8a-0ubuntu1~16.04.2 running 'modules:config' at Wed, 12 Sep 2018 19:28:46 +0000. Up 23.74 seconds.
ci-info: no authorized ssh keys fingerprints found for user ubuntu.
<14>Sep 12 19:28:49 ec2: 
<14>Sep 12 19:28:49 ec2: #############################################################
<14>Sep 12 19:28:49 ec2: -----BEGIN SSH HOST KEY FINGERPRINTS-----
<14>Sep 12 19:28:49 ec2: 1024 SHA256:dRfZlu3EAoaWx42FogM6zg9qz8MFhlKuCOZkKgkpFhY root@ubuntu-xenial (DSA)
<14>Sep 12 19:28:49 ec2: 256 SHA256:kfjz/uYrEgh0oFh9nmxZgFlgrcGf+Bcu+LwfUCsknz4 root@ubuntu-xenial (ECDSA)
<14>Sep 12 19:28:49 ec2: 256 SHA256:Vk7c35+oyqnVpSdxNUPK1VaIzws/d59dvGN6hMRlaSA root@ubuntu-xenial (ED25519)
<14>Sep 12 19:28:49 ec2: 2048 SHA256:bgRmy/2jc+tYcFPnEyDsCIATK2xA1KnKyi3LHdOSrBU root@ubuntu-xenial (RSA)
<14>Sep 12 19:28:49 ec2: -----END SSH HOST KEY FINGERPRINTS-----
<14>Sep 12 19:28:49 ec2: #############################################################
-----BEGIN SSH HOST KEY KEYS-----
ecdsa-sha2-nistp256 AAAAE2VjZHNhLXNoYTItbmlzdHAyNTYAAAAIbmlzdHAyNTYAAABBBDmtkRkxdrLK+tFqkSFhyqy4pJN8Ow4mo0QOFI8E/wJj6EVQyl6vYg8TiKxNiXd0bXbQCNk7k8qJtYZUhUlA8F8= root@ubuntu-xenial
ssh-ed25519 AAAAC3NzaC1lZDI1NTE5AAAAIIsl5oo2vWGiN8DvlyVYI//9oPnpkO8CzKUovITUqQj0 root@ubuntu-xenial
ssh-rsa AAAAB3NzaC1yc2EAAAADAQABAAABAQDcy7L9TEUz8FgfLLxEuvONB2LT1r3X0uUdhy1GxGLutKz9oQRONzmWTA5hqA0UCLQ2m7QFKlM1J7hNogbZ7hB5KPTfmlZ1n6vdkNQnbuOJa66UUhRHhj/iLte5zmoty0sU7Nlm5z6aAXJ+X4f3fEermJnqDoJ1FaCxeO8xzssf1Ya/Pv0k3QXOGHsglCRGikcG9HH7P+PZItVLfStDY0qNLkWoPOfD64FXu66tGEpMKXcSpkFNGGO9lKp+853LOtNsmekILIchmFszPMolvoOUkRE8tobzS826vpM1KEdmNnmFo2FFYjIKiS2uRhnvr0ugPjVMg0rVWDnFADzPvvrb root@ubuntu-xenial
-----END SSH HOST KEY KEYS-----
[   26.989399] cloud-init[1501]: Cloud-init v. 18.3-9-g2e62cb8a-0ubuntu1~16.04.2 running 'modules:final' at Wed, 12 Sep 2018 19:28:49 +0000. Up 26.77 seconds.
[   26.989636] cloud-init[1501]: ci-info: no authorized ssh keys fingerprints found for user ubuntu.
[   26.989780] cloud-init[1501]: Cloud-init v. 18.3-9-g2e62cb8a-0ubuntu1~16.04.2 finished at Wed, 12 Sep 2018 19:28:49 +0000. Datasource DataSourceNoCloud [seed=/dev/sdb][dsmode=net].  Up 26.97 seconds
